<?xml version="1.0" encoding="UTF-8" standalone="no"?>
<testsuite failures="0" name="cucumber.runtime.formatter.JUnitFormatter" skipped="0" tests="1" time="40.139115">
<testcase classname="Deal data creation" name="Free CRM Create a new deal scenario" time="40.139115">
<system-out><![CDATA[Given user is already on Login Page.........................................passed
When title of login page is Web Shop........................................passed
Then user enters username and password......................................passed
Then user clicks on login button............................................passed
Then user is on home page...................................................passed
Then Close the browser......................................................passed
]]></system-out>
</testcase>
</testsuite>
